<?xml version="1.0" encoding="UTF-8"?>
<testng-results ignored="0" total="1" passed="1" failed="0" skipped="0">
  <reporter-output>
  </reporter-output>
  <suite started-at="2019-10-22T15:59:47 IST" name="Default suite" finished-at="2019-10-22T16:00:17 IST" duration-ms="29907">
    <groups>
    </groups>
    <test started-at="2019-10-22T15:59:47 IST" name="Default test" finished-at="2019-10-22T16:00:17 IST" duration-ms="29907">
      <class name="aut_1.Scenario4">
        <test-method is-config="true" signature="getdata()[pri:0, instance:aut_1.Scenario4@4387b79e]" started-at="2019-10-22T15:59:47 IST" name="getdata" finished-at="2019-10-22T15:59:47 IST" duration-ms="19" status="PASS">
          <reporter-output>
          </reporter-output>
        </test-method> <!-- getdata -->
        <test-method signature="StreamTV()[pri:0, instance:aut_1.Scenario4@4387b79e]" started-at="2019-10-22T15:59:47 IST" name="StreamTV" finished-at="2019-10-22T16:00:17 IST" duration-ms="29825" status="PASS">
          <reporter-output>
          </reporter-output>
        </test-method> <!-- StreamTV -->
      </class> <!-- aut_1.Scenario4 -->
    </test> <!-- Default test -->
  </suite> <!-- Default suite -->
</testng-results>
