<?xml version="1.0" encoding="UTF-8"?>
<testsuite xmlns:xsi="http://www.w3.org/2001/XMLSchema-instance" xsi:noNamespaceSchemaLocation="https://maven.apache.org/surefire/maven-surefire-plugin/xsd/surefire-test-report.xsd" name="TestSuite" time="13.919" tests="9" errors="0" skipped="0" failures="0">
  <properties>
[...]
</properties>
  <testcase name="addLocation" classname="aditya.resttest" time="4.335"/>
  <testcase name="apitest1" classname="aditya.resttest" time="3.47"/>
  <testcase name="apitest2" classname="aditya.resttest" time="0.358"/>
  <testcase name="apitest3" classname="aditya.resttest" time="0.336"/>
  <testcase name="box" classname="aditya.resttest" time="0.304"/>
  <testcase name="box3" classname="aditya.resttest" time="0.358"/>
  <testcase name="box4" classname="aditya.resttest" time="0.499"/>
  <testcase name="class1" classname="aditya.resttest" time="0.308"/>
  <testcase name="headers" classname="aditya.resttest" time="0.299"/>
</testsuite>