<?xml version="1.0" encoding="UTF-8"?>
<testng-results ignored="0" total="9" passed="9" failed="0" skipped="0">
  <reporter-output>
  </reporter-output>
  <suite started-at="2019-10-21T15:41:23 IST" name="Suite" finished-at="2019-10-21T15:41:33 IST" duration-ms="10340">
    <groups>
    </groups>
    <test started-at="2019-10-21T15:41:23 IST" name="Test" finished-at="2019-10-21T15:41:33 IST" duration-ms="10340">
      <class name="aditya.resttest">
        <test-method signature="addLocation()[pri:0, instance:aditya.resttest@4c39bec8]" started-at="2019-10-21T15:41:23 IST" name="addLocation" finished-at="2019-10-21T15:41:27 IST" duration-ms="4333" status="PASS">
          <reporter-output>
          </reporter-output>
        </test-method> <!-- addLocation -->
        <test-method signature="apitest1()[pri:0, instance:aditya.resttest@4c39bec8]" started-at="2019-10-21T15:41:27 IST" name="apitest1" finished-at="2019-10-21T15:41:31 IST" duration-ms="3469" status="PASS">
          <reporter-output>
          </reporter-output>
        </test-method> <!-- apitest1 -->
        <test-method signature="apitest2()[pri:0, instance:aditya.resttest@4c39bec8]" started-at="2019-10-21T15:41:31 IST" name="apitest2" finished-at="2019-10-21T15:41:31 IST" duration-ms="336" status="PASS">
          <reporter-output>
          </reporter-output>
        </test-method> <!-- apitest2 -->
        <test-method signature="apitest3()[pri:0, instance:aditya.resttest@4c39bec8]" started-at="2019-10-21T15:41:31 IST" name="apitest3" finished-at="2019-10-21T15:41:31 IST" duration-ms="357" status="PASS">
          <reporter-output>
          </reporter-output>
        </test-method> <!-- apitest3 -->
        <test-method signature="box()[pri:0, instance:aditya.resttest@4c39bec8]" started-at="2019-10-21T15:41:31 IST" name="box" finished-at="2019-10-21T15:41:32 IST" duration-ms="304" status="PASS">
          <reporter-output>
          </reporter-output>
        </test-method> <!-- box -->
        <test-method signature="box3()[pri:0, instance:aditya.resttest@4c39bec8]" started-at="2019-10-21T15:41:32 IST" name="box3" finished-at="2019-10-21T15:41:32 IST" duration-ms="356" status="PASS">
          <reporter-output>
          </reporter-output>
        </test-method> <!-- box3 -->
        <test-method signature="box4()[pri:0, instance:aditya.resttest@4c39bec8]" started-at="2019-10-21T15:41:32 IST" name="box4" finished-at="2019-10-21T15:41:32 IST" duration-ms="500" status="PASS">
          <reporter-output>
          </reporter-output>
        </test-method> <!-- box4 -->
        <test-method signature="class1()[pri:0, instance:aditya.resttest@4c39bec8]" started-at="2019-10-21T15:41:32 IST" name="class1" finished-at="2019-10-21T15:41:33 IST" duration-ms="308" status="PASS">
          <reporter-output>
          </reporter-output>
        </test-method> <!-- class1 -->
        <test-method signature="headers()[pri:0, instance:aditya.resttest@4c39bec8]" started-at="2019-10-21T15:41:33 IST" name="headers" finished-at="2019-10-21T15:41:33 IST" duration-ms="298" status="PASS">
          <reporter-output>
          </reporter-output>
        </test-method> <!-- headers -->
      </class> <!-- aditya.resttest -->
    </test> <!-- Test -->
  </suite> <!-- Suite -->
</testng-results>
