<?xml version="1.0" encoding="UTF-8"?>
<!-- Generated by org.testng.reporters.JUnitXMLReporter -->
<testsuite hostname="DESKTOP-6NEDNGH" ignored="4" name="Personal" tests="1" failures="0" timestamp="2019-09-08T11:27:56 IST" time="0.081" errors="0">
  <testcase name="supr" time="0.016" classname="think.downtown"/>
  <testcase name="init2" time="0.0" classname="think.uses">
    <ignored/>
  </testcase> <!-- init2 -->
  <testcase name="init3" time="0.0" classname="think.uses">
    <ignored/>
  </testcase> <!-- init3 -->
  <testcase name="init" time="0.0" classname="think.uses">
    <ignored/>
  </testcase> <!-- init -->
  <testcase name="dan" time="0.0" classname="think.downtown">
    <ignored/>
  </testcase> <!-- dan -->
</testsuite> <!-- Personal -->
