<?xml version="1.0" encoding="UTF-8"?>
<!-- Generated by org.testng.reporters.JUnitXMLReporter -->
<testsuite ignored="0" hostname="DESKTOP-SRD47AD" failures="0" tests="9" name="Test" time="10.34" errors="0" timestamp="2019-10-21T15:41:34 IST">
  <testcase classname="aditya.resttest" name="addLocation" time="4.333"/>
  <testcase classname="aditya.resttest" name="apitest1" time="3.469"/>
  <testcase classname="aditya.resttest" name="apitest2" time="0.336"/>
  <testcase classname="aditya.resttest" name="apitest3" time="0.357"/>
  <testcase classname="aditya.resttest" name="box" time="0.304"/>
  <testcase classname="aditya.resttest" name="box3" time="0.356"/>
  <testcase classname="aditya.resttest" name="box4" time="0.5"/>
  <testcase classname="aditya.resttest" name="class1" time="0.308"/>
  <testcase classname="aditya.resttest" name="headers" time="0.298"/>
</testsuite> <!-- Test -->
