<?xml version="1.0" encoding="UTF-8"?>
<testng-results skipped="0" failed="0" ignored="4" total="7" passed="3">
  <reporter-output>
  </reporter-output>
  <suite name="Suite" duration-ms="151" started-at="2019-09-08T11:27:55 IST" finished-at="2019-09-08T11:27:56 IST">
    <groups>
    </groups>
    <test name="Personal" duration-ms="81" started-at="2019-09-08T11:27:55 IST" finished-at="2019-09-08T11:27:56 IST">
      <class name="think.downtown">
        <test-method status="PASS" signature="supr()[pri:0, instance:think.downtown@5ec0a365]" name="supr" duration-ms="16" started-at="2019-09-08T11:27:55 IST" finished-at="2019-09-08T11:27:56 IST">
          <reporter-output>
          </reporter-output>
        </test-method> <!-- supr -->
      </class> <!-- think.downtown -->
    </test> <!-- Personal -->
    <test name="Learning   " duration-ms="16" started-at="2019-09-08T11:27:56 IST" finished-at="2019-09-08T11:27:56 IST">
      <class name="think.honeycomb">
        <test-method status="PASS" signature="joker()[pri:0, instance:think.honeycomb@2b9627bc]" name="joker" duration-ms="2" started-at="2019-09-08T11:27:56 IST" finished-at="2019-09-08T11:27:56 IST">
          <reporter-output>
          </reporter-output>
        </test-method> <!-- joker -->
      </class> <!-- think.honeycomb -->
      <class name="think.mazer">
        <test-method status="PASS" signature="flash()[pri:0, instance:think.mazer@65e2dbf3]" name="flash" duration-ms="5" started-at="2019-09-08T11:27:56 IST" finished-at="2019-09-08T11:27:56 IST">
          <reporter-output>
          </reporter-output>
        </test-method> <!-- flash -->
      </class> <!-- think.mazer -->
    </test> <!-- Learning    -->
  </suite> <!-- Suite -->
</testng-results>
