<?xml version="1.0" encoding="UTF-8"?>
<testng-results skipped="0" failed="0" ignored="0" total="1" passed="1">
  <reporter-output>
  </reporter-output>
  <suite name="Default suite" duration-ms="8890" started-at="2019-09-18T11:24:57 IST" finished-at="2019-09-18T11:25:06 IST">
    <groups>
    </groups>
    <test name="Default test" duration-ms="8890" started-at="2019-09-18T11:24:57 IST" finished-at="2019-09-18T11:25:06 IST">
      <class name="ready.Assignment_6">
        <test-method status="PASS" signature="dream()[pri:0, instance:ready.Assignment_6@63753b6d]" name="dream" duration-ms="8853" started-at="2019-09-18T11:24:57 IST" finished-at="2019-09-18T11:25:06 IST">
          <reporter-output>
          </reporter-output>
        </test-method> <!-- dream -->
      </class> <!-- ready.Assignment_6 -->
    </test> <!-- Default test -->
  </suite> <!-- Default suite -->
</testng-results>
